<?xml version="1.0" encoding="UTF-8"?>
<!-- Generated by org.testng.reporters.JUnitReportReporter -->
<testsuite skipped="0" hostname="ADMIN-PC" name="abc.Test123" tests="1" failures="0" timestamp="2019-11-14T13:32:47 IST" time="26.457" errors="0">
  <testcase name="test1" time="26.457" classname="abc.Test123"/>
</testsuite> <!-- abc.Test123 -->
